SouceCode/javaapkcomcampus_life/build/outputs/logs/manifest-merger-debug-report.txt
-- Merging decision tree log ---
manifest
ADDED from src\main\AndroidManifest.xml:2:1-58:12
INJECTED from src\main\AndroidManifest.xml:2:1-58:12
INJECTED from src\main\AndroidManifest.xml:2:1-58:12
INJECTED from src\main\AndroidManifest.xml:2:1-58:12
MERGED from [:library] AndroidManifest.xml:2:1-11:12
MERGED from [com.android.support:cardview-v7:21.0.3] AndroidManifest.xml:14:4-17:12
INJECTED from src\main\AndroidManifest.xml:2:1-58:12
INJECTED from src\main\AndroidManifest.xml:2:1-58:12
INJECTED from src\main\AndroidManifest.xml:2:1-58:12
	package
		ADDED from src\main\AndroidManifest.xml:3:5-38
		INJECTED from src\main\AndroidManifest.xml
		INJECTED from src\main\AndroidManifest.xml
	android:versionName
		ADDED from src\main\AndroidManifest.xml:5:5-30
		INJECTED from src\main\AndroidManifest.xml
		INJECTED from src\main\AndroidManifest.xml
	xmlns:android
		ADDED from src\main\AndroidManifest.xml:2:11-69
	android:versionCode
		ADDED from src\main\AndroidManifest.xml:4:5-28
		INJECTED from src\main\AndroidManifest.xml
		INJECTED from src\main\AndroidManifest.xml
uses-sdk
ADDED from src\main\AndroidManifest.xml:7:5-9:41
INJECTED from src\main\AndroidManifest.xml:7:5-9:41
INJECTED from src\main\AndroidManifest.xml:7:5-9:41
MERGED from [:library] AndroidManifest.xml:7:5-9:40
MERGED from [:library] AndroidManifest.xml:7:5-9:40
MERGED from [com.android.support:cardview-v7:21.0.3] AndroidManifest.xml:15:5-42
MERGED from [com.android.support:cardview-v7:21.0.3] AndroidManifest.xml:15:5-42
INJECTED from src\main\AndroidManifest.xml:7:5-9:41
INJECTED from src\main\AndroidManifest.xml:7:5-9:41
	android:targetSdkVersion
		ADDED from src\main\AndroidManifest.xml:9:9-38
		INJECTED from src\main\AndroidManifest.xml
		INJECTED from src\main\AndroidManifest.xml
	android:minSdkVersion
		ADDED from src\main\AndroidManifest.xml:8:9-35
		INJECTED from src\main\AndroidManifest.xml
		INJECTED from src\main\AndroidManifest.xml
uses-permission#android.permission.INTERNET
ADDED from src\main\AndroidManifest.xml:11:5-67
	android:name
		ADDED from src\main\AndroidManifest.xml:11:22-64
uses-permission#android.permission.ACCESS_NETWORK_STATE
ADDED from src\main\AndroidManifest.xml:12:5-79
	android:name
		ADDED from src\main\AndroidManifest.xml:12:22-76
uses-permission#android.permission.MOUNT_UNMOUNT_FILESYSTEMS
ADDED from src\main\AndroidManifest.xml:13:5-84
	android:name
		ADDED from src\main\AndroidManifest.xml:13:22-81
uses-permission#android.permission.WRITE_EXTERNAL_STORAGE
ADDED from src\main\AndroidManifest.xml:14:5-81
	android:name
		ADDED from src\main\AndroidManifest.xml:14:22-78
uses-permission#android.permission.CALL_PHONE
ADDED from src\main\AndroidManifest.xml:15:5-69
	android:name
		ADDED from src\main\AndroidManifest.xml:15:22-66
uses-permission#android.permission.SEND_SMS
ADDED from src\main\AndroidManifest.xml:16:5-67
	android:name
		ADDED from src\main\AndroidManifest.xml:16:22-64
application
ADDED from src\main\AndroidManifest.xml:18:5-56:19
MERGED from [com.android.support:cardview-v7:21.0.3] AndroidManifest.xml:16:5-19
MERGED from [com.android.support:cardview-v7:21.0.3] AndroidManifest.xml:16:5-19
	android:label
		ADDED from src\main\AndroidManifest.xml:22:9-41
	android:icon
		ADDED from src\main\AndroidManifest.xml:21:9-37
	android:allowBackup
		ADDED from src\main\AndroidManifest.xml:20:9-35
	android:theme
		ADDED from src\main\AndroidManifest.xml:23:9-62
	android:name
		ADDED from src\main\AndroidManifest.xml:19:9-57
activity#com.yhx.app.campus_life.MainActivity
ADDED from src\main\AndroidManifest.xml:24:9-34:20
	android:screenOrientation
		ADDED from src\main\AndroidManifest.xml:28:13-49
	android:configChanges
		ADDED from src\main\AndroidManifest.xml:27:13-83
	android:theme
		ADDED from src\main\AndroidManifest.xml:26:13-52
	android:name
		ADDED from src\main\AndroidManifest.xml:25:13-64
intent-filter#action:name:android.intent.action.MAIN+category:name:android.intent.category.LAUNCHER
ADDED from src\main\AndroidManifest.xml:29:13-33:29
action#android.intent.action.MAIN
ADDED from src\main\AndroidManifest.xml:30:17-69
	android:name
		ADDED from src\main\AndroidManifest.xml:30:25-66
category#android.intent.category.LAUNCHER
ADDED from src\main\AndroidManifest.xml:32:17-77
	android:name
		ADDED from src\main\AndroidManifest.xml:32:27-74
activity#com.yhx.app.lock.SetPasswordActivity
ADDED from src\main\AndroidManifest.xml:36:9-39:52
	android:screenOrientation
		ADDED from src\main\AndroidManifest.xml:39:13-49
	android:configChanges
		ADDED from src\main\AndroidManifest.xml:38:13-83
	android:name
		ADDED from src\main\AndroidManifest.xml:37:13-64
activity#com.yhx.app.campus_life.PersonnalActivity
ADDED from src\main\AndroidManifest.xml:40:9-78
	android:name
		ADDED from src\main\AndroidManifest.xml:40:19-75
activity#com.yhx.app.campus_life.LoginActivity
ADDED from src\main\AndroidManifest.xml:41:9-74
	android:name
		ADDED from src\main\AndroidManifest.xml:41:19-71
activity#com.yhx.app.campus_life.UserRegisterActivity
ADDED from src\main\AndroidManifest.xml:42:9-81
	android:name
		ADDED from src\main\AndroidManifest.xml:42:19-78
activity#com.yhx.app.campus_life.ReleaseActivity
ADDED from src\main\AndroidManifest.xml:43:9-76
	android:name
		ADDED from src\main\AndroidManifest.xml:43:19-73
activity#com.yhx.app.campus_life.MyReleaseActivity
ADDED from src\main\AndroidManifest.xml:44:9-78
	android:name
		ADDED from src\main\AndroidManifest.xml:44:19-75
activity#com.yhx.app.campus_life.ShopInfoActivity
ADDED from src\main\AndroidManifest.xml:45:9-77
	android:name
		ADDED from src\main\AndroidManifest.xml:45:19-74
activity#com.yhx.app.campus_life.PicturePreview
ADDED from src\main\AndroidManifest.xml:46:9-75
	android:name
		ADDED from src\main\AndroidManifest.xml:46:19-72
activity#com.yhx.app.campus_life.ShopListActivity
ADDED from src\main\AndroidManifest.xml:47:9-77
	android:name
		ADDED from src\main\AndroidManifest.xml:47:19-74
activity#com.yhx.app.campus_life.LeaveMessageActivity
ADDED from src\main\AndroidManifest.xml:48:9-81
	android:name
		ADDED from src\main\AndroidManifest.xml:48:19-78
activity#com.yhx.app.campus_life.MyMsgActivity
ADDED from src\main\AndroidManifest.xml:49:9-74
	android:name
		ADDED from src\main\AndroidManifest.xml:49:19-71
activity#com.yhx.app.campus_life.MyCollectionActivity
ADDED from src\main\AndroidManifest.xml:50:9-81
	android:name
		ADDED from src\main\AndroidManifest.xml:50:19-78
activity#com.yhx.app.campus_life.LookActivity
ADDED from src\main\AndroidManifest.xml:51:9-73
	android:name
		ADDED from src\main\AndroidManifest.xml:51:19-70
activity#com.yhx.app.campus_life.MyLookActivity
ADDED from src\main\AndroidManifest.xml:52:9-75
	android:name
		ADDED from src\main\AndroidManifest.xml:52:19-72
activity#com.yhx.app.campus_life.LookInfoActivity
ADDED from src\main\AndroidManifest.xml:53:9-77
	android:name
		ADDED from src\main\AndroidManifest.xml:53:19-74
activity#com.yhx.app.campus_life.LookListActivity
ADDED from src\main\AndroidManifest.xml:54:9-77
	android:name
		ADDED from src\main\AndroidManifest.xml:54:19-74
activity#com.yhx.app.campus_life.ContactActivity
ADDED from src\main\AndroidManifest.xml:55:9-76
	android:name
		ADDED from src\main\AndroidManifest.xml:55:19-73